This is pdfTeX, Version 3.14159265-2.6-1.40.20 (TeX Live 2019/Debian) (preloaded format=latex 2020.10.7)  9 FEB 2021 17:56
entering extended mode
 \write18 enabled.
 %&-line parsing enabled.
**macros.tex
(./macros.tex
LaTeX2e <2020-02-02> patch level 2
L3 programming layer <2020-02-14>

! LaTeX Error: \usepackage before \documentclass.

See the LaTeX manual or LaTeX Companion for explanation.
Type  H <return>  for immediate help.
 ...                                              
                                                  
l.1 \usepackage{
                amsmath,amssymb}
? 
! Interruption.
\GenericError  ...                                
                                                  \endgroup 
l.1 \usepackage{
                amsmath,amssymb}
? ^^[[A
Type <return> to proceed, S to scroll future error messages,
R to run without stopping, Q to run quietly,
I to insert something, E to edit your file,
H for help, X to quit.
? 
! Emergency stop.
\GenericError  ...                                
                                                  \endgroup 
l.1 \usepackage{
                amsmath,amssymb}
End of file on the terminal!

 
Here is how much of TeX's memory you used:
 16 strings out of 481240
 385 string characters out of 5920403
 236558 words of memory out of 5000000
 15384 multiletter control sequences out of 15000+600000
 532338 words of font info for 24 fonts, out of 8000000 for 9000
 1141 hyphenation exceptions out of 8191
 12i,0n,15p,70b,14s stack positions out of 5000i,500n,10000p,200000b,80000s
No pages of output.
